<?xml version="1.0" encoding="UTF-8"?>
<testng-results skipped="0" failed="2" ignored="8" total="18" passed="8">
  <reporter-output>
  </reporter-output>
  <suite name="Suite" duration-ms="260938" started-at="2019-04-09T17:34:50Z" finished-at="2019-04-09T17:39:11Z">
    <groups>
    </groups>
    <test name="Test" duration-ms="260938" started-at="2019-04-09T17:34:50Z" finished-at="2019-04-09T17:39:11Z">
      <class name="testScripts.Module5">
        <test-method status="PASS" signature="beforemethod(java.lang.reflect.Method)[pri:0, instance:testScripts.Module5@3a5ed7a6]" name="beforemethod" is-config="true" duration-ms="0" started-at="2019-04-09T17:37:01Z" finished-at="2019-04-09T17:37:01Z">
          <params>
            <param index="0">
              <value>
                <![CDATA[public void testScripts.Module5.TC501()]]>
              </value>
            </param>
          </params>
          <reporter-output>
          </reporter-output>
        </test-method> <!-- beforemethod -->
        <test-method status="PASS" signature="TC501()[pri:0, instance:testScripts.Module5@3a5ed7a6]" name="TC501" duration-ms="26237" started-at="2019-04-09T17:37:01Z" finished-at="2019-04-09T17:37:27Z">
          <reporter-output>
          </reporter-output>
        </test-method> <!-- TC501 -->
        <test-method status="PASS" signature="BeforeClass()[pri:0, instance:testScripts.Module5@3a5ed7a6]" name="BeforeClass" is-config="true" duration-ms="0" started-at="2019-04-09T17:37:01Z" finished-at="2019-04-09T17:37:01Z">
          <reporter-output>
          </reporter-output>
        </test-method> <!-- BeforeClass -->
        <test-method status="PASS" signature="TC502()[pri:0, instance:testScripts.Module5@3a5ed7a6]" name="TC502" duration-ms="39433" started-at="2019-04-09T17:37:27Z" finished-at="2019-04-09T17:38:06Z">
          <reporter-output>
          </reporter-output>
        </test-method> <!-- TC502 -->
        <test-method status="PASS" signature="beforemethod(java.lang.reflect.Method)[pri:0, instance:testScripts.Module5@3a5ed7a6]" name="beforemethod" is-config="true" duration-ms="0" started-at="2019-04-09T17:37:27Z" finished-at="2019-04-09T17:37:27Z">
          <params>
            <param index="0">
              <value>
                <![CDATA[public void testScripts.Module5.TC502()]]>
              </value>
            </param>
          </params>
          <reporter-output>
          </reporter-output>
        </test-method> <!-- beforemethod -->
        <test-method status="PASS" signature="aftermethod(org.testng.ITestResult)[pri:0, instance:testScripts.Module5@3a5ed7a6]" name="aftermethod" is-config="true" duration-ms="0" started-at="2019-04-09T17:37:27Z" finished-at="2019-04-09T17:37:27Z">
          <params>
            <param index="0">
              <value>
                <![CDATA[[TestResult name=TC501 status=SUCCESS method=Module5.TC501()[pri:0, instance:testScripts.Module5@3a5ed7a6] output={null}]]]>
              </value>
            </param>
          </params>
          <reporter-output>
          </reporter-output>
        </test-method> <!-- aftermethod -->
        <test-method status="PASS" signature="aftermethod(org.testng.ITestResult)[pri:0, instance:testScripts.Module5@3a5ed7a6]" name="aftermethod" is-config="true" duration-ms="0" started-at="2019-04-09T17:38:06Z" finished-at="2019-04-09T17:38:06Z">
          <params>
            <param index="0">
              <value>
                <![CDATA[[TestResult name=TC502 status=SUCCESS method=Module5.TC502()[pri:0, instance:testScripts.Module5@3a5ed7a6] output={null}]]]>
              </value>
            </param>
          </params>
          <reporter-output>
          </reporter-output>
        </test-method> <!-- aftermethod -->
        <test-method status="FAIL" signature="TC503()[pri:0, instance:testScripts.Module5@3a5ed7a6]" name="TC503" duration-ms="19080" started-at="2019-04-09T17:38:06Z" finished-at="2019-04-09T17:38:25Z">
          <exception class="org.openqa.selenium.NoSuchElementException">
            <message>
              <![CDATA[no such element: Unable to locate element: {"method":"xpath","selector":"//select[@name='skill[code]']/option[text()='QTP']"}
  (Session info: chrome=73.0.3683.86)
  (Driver info: chromedriver=2.41.578737 (49da6702b16031c40d63e5618de03a32ff6c197e),platform=Windows NT 6.2.9200 x86_64) (WARNING: The server did not provide any stacktrace information)
Command duration or timeout: 0 milliseconds
For documentation on this error, please visit: http://seleniumhq.org/exceptions/no_such_element.html
Build info: version: '3.14.0', revision: 'aacccce0', time: '2018-08-02T20:19:58.91Z'
System info: host: 'IDEA-PC', ip: '172.20.10.7', os.name: 'Windows 8', os.arch: 'amd64', os.version: '6.2', java.version: '1.8.0_201'
Driver info: org.openqa.selenium.chrome.ChromeDriver
Capabilities {acceptInsecureCerts: false, acceptSslCerts: false, applicationCacheEnabled: false, browserConnectionEnabled: false, browserName: chrome, chrome: {chromedriverVersion: 2.41.578737 (49da6702b16031..., userDataDir: C:\Users\VIJAYK~1\AppData\L...}, cssSelectorsEnabled: true, databaseEnabled: false, goog:chromeOptions: {debuggerAddress: localhost:59292}, handlesAlerts: true, hasTouchScreen: false, javascriptEnabled: true, locationContextEnabled: true, mobileEmulationEnabled: false, nativeEvents: true, networkConnectionEnabled: false, pageLoadStrategy: normal, platform: XP, platformName: XP, rotatable: false, setWindowRect: true, takesHeapSnapshot: true, takesScreenshot: true, unexpectedAlertBehaviour: , unhandledPromptBehavior: , version: 73.0.3683.86, webStorageEnabled: true}
Session ID: 9d3650a1818956dc0974541b105b476e
*** Element info: {Using=xpath, value=//select[@name='skill[code]']/option[text()='QTP']}]]>
            </message>
            <full-stacktrace>
              <![CDATA[org.openqa.selenium.NoSuchElementException: no such element: Unable to locate element: {"method":"xpath","selector":"//select[@name='skill[code]']/option[text()='QTP']"}
  (Session info: chrome=73.0.3683.86)
  (Driver info: chromedriver=2.41.578737 (49da6702b16031c40d63e5618de03a32ff6c197e),platform=Windows NT 6.2.9200 x86_64) (WARNING: The server did not provide any stacktrace information)
Command duration or timeout: 0 milliseconds
For documentation on this error, please visit: http://seleniumhq.org/exceptions/no_such_element.html
Build info: version: '3.14.0', revision: 'aacccce0', time: '2018-08-02T20:19:58.91Z'
System info: host: 'IDEA-PC', ip: '172.20.10.7', os.name: 'Windows 8', os.arch: 'amd64', os.version: '6.2', java.version: '1.8.0_201'
Driver info: org.openqa.selenium.chrome.ChromeDriver
Capabilities {acceptInsecureCerts: false, acceptSslCerts: false, applicationCacheEnabled: false, browserConnectionEnabled: false, browserName: chrome, chrome: {chromedriverVersion: 2.41.578737 (49da6702b16031..., userDataDir: C:\Users\VIJAYK~1\AppData\L...}, cssSelectorsEnabled: true, databaseEnabled: false, goog:chromeOptions: {debuggerAddress: localhost:59292}, handlesAlerts: true, hasTouchScreen: false, javascriptEnabled: true, locationContextEnabled: true, mobileEmulationEnabled: false, nativeEvents: true, networkConnectionEnabled: false, pageLoadStrategy: normal, platform: XP, platformName: XP, rotatable: false, setWindowRect: true, takesHeapSnapshot: true, takesScreenshot: true, unexpectedAlertBehaviour: , unhandledPromptBehavior: , version: 73.0.3683.86, webStorageEnabled: true}
Session ID: 9d3650a1818956dc0974541b105b476e
*** Element info: {Using=xpath, value=//select[@name='skill[code]']/option[text()='QTP']}
at sun.reflect.NativeConstructorAccessorImpl.newInstance0(Native Method)
at sun.reflect.NativeConstructorAccessorImpl.newInstance(NativeConstructorAccessorImpl.java:62)
at sun.reflect.DelegatingConstructorAccessorImpl.newInstance(DelegatingConstructorAccessorImpl.java:45)
at java.lang.reflect.Constructor.newInstance(Constructor.java:423)
at org.openqa.selenium.remote.ErrorHandler.createThrowable(ErrorHandler.java:214)
at org.openqa.selenium.remote.ErrorHandler.throwIfResponseFailed(ErrorHandler.java:166)
at org.openqa.selenium.remote.http.JsonHttpResponseCodec.reconstructValue(JsonHttpResponseCodec.java:40)
at org.openqa.selenium.remote.http.AbstractHttpResponseCodec.decode(AbstractHttpResponseCodec.java:80)
at org.openqa.selenium.remote.http.AbstractHttpResponseCodec.decode(AbstractHttpResponseCodec.java:44)
at org.openqa.selenium.remote.HttpCommandExecutor.execute(HttpCommandExecutor.java:158)
at org.openqa.selenium.remote.service.DriverCommandExecutor.execute(DriverCommandExecutor.java:83)
at org.openqa.selenium.remote.RemoteWebDriver.execute(RemoteWebDriver.java:548)
at org.openqa.selenium.remote.RemoteWebDriver.findElement(RemoteWebDriver.java:322)
at org.openqa.selenium.remote.RemoteWebDriver.findElementByXPath(RemoteWebDriver.java:424)
at org.openqa.selenium.By$ByXPath.findElement(By.java:353)
at org.openqa.selenium.remote.RemoteWebDriver.findElement(RemoteWebDriver.java:314)
at applicationPages.Pg107_QualificationPage.SetSkills(Pg107_QualificationPage.java:104)
at applicationPages.Pg107_QualificationPage.ClickSetSkills(Pg107_QualificationPage.java:108)
at testScripts.Module5.TC503(Module5.java:89)
at sun.reflect.NativeMethodAccessorImpl.invoke0(Native Method)
at sun.reflect.NativeMethodAccessorImpl.invoke(NativeMethodAccessorImpl.java:62)
at sun.reflect.DelegatingMethodAccessorImpl.invoke(DelegatingMethodAccessorImpl.java:43)
at java.lang.reflect.Method.invoke(Method.java:498)
at org.testng.internal.MethodInvocationHelper.invokeMethod(MethodInvocationHelper.java:124)
at org.testng.internal.Invoker.invokeMethod(Invoker.java:583)
at org.testng.internal.Invoker.invokeTestMethod(Invoker.java:719)
at org.testng.internal.Invoker.invokeTestMethods(Invoker.java:989)
at org.testng.internal.TestMethodWorker.invokeTestMethods(TestMethodWorker.java:125)
at org.testng.internal.TestMethodWorker.run(TestMethodWorker.java:109)
at org.testng.TestRunner.privateRun(TestRunner.java:648)
at org.testng.TestRunner.run(TestRunner.java:505)
at org.testng.SuiteRunner.runTest(SuiteRunner.java:455)
at org.testng.SuiteRunner.runSequentially(SuiteRunner.java:450)
at org.testng.SuiteRunner.privateRun(SuiteRunner.java:415)
at org.testng.SuiteRunner.run(SuiteRunner.java:364)
at org.testng.SuiteRunnerWorker.runSuite(SuiteRunnerWorker.java:52)
at org.testng.SuiteRunnerWorker.run(SuiteRunnerWorker.java:84)
at org.testng.TestNG.runSuitesSequentially(TestNG.java:1208)
at org.testng.TestNG.runSuitesLocally(TestNG.java:1137)
at org.testng.TestNG.runSuites(TestNG.java:1049)
at org.testng.TestNG.run(TestNG.java:1017)
at org.apache.maven.surefire.testng.TestNGExecutor.run(TestNGExecutor.java:293)
at org.apache.maven.surefire.testng.TestNGXmlTestSuite.execute(TestNGXmlTestSuite.java:84)
at org.apache.maven.surefire.testng.TestNGProvider.invoke(TestNGProvider.java:91)
at org.apache.maven.surefire.booter.ForkedBooter.invokeProviderInSameClassLoader(ForkedBooter.java:200)
at org.apache.maven.surefire.booter.ForkedBooter.runSuitesInProcess(ForkedBooter.java:153)
at org.apache.maven.surefire.booter.ForkedBooter.main(ForkedBooter.java:103)
]]>
            </full-stacktrace>
          </exception> <!-- org.openqa.selenium.NoSuchElementException -->
          <reporter-output>
          </reporter-output>
        </test-method> <!-- TC503 -->
        <test-method status="PASS" signature="beforemethod(java.lang.reflect.Method)[pri:0, instance:testScripts.Module5@3a5ed7a6]" name="beforemethod" is-config="true" duration-ms="0" started-at="2019-04-09T17:38:06Z" finished-at="2019-04-09T17:38:06Z">
          <params>
            <param index="0">
              <value>
                <![CDATA[public void testScripts.Module5.TC503()]]>
              </value>
            </param>
          </params>
          <reporter-output>
          </reporter-output>
        </test-method> <!-- beforemethod -->
        <test-method status="PASS" signature="beforemethod(java.lang.reflect.Method)[pri:0, instance:testScripts.Module5@3a5ed7a6]" name="beforemethod" is-config="true" duration-ms="0" started-at="2019-04-09T17:38:25Z" finished-at="2019-04-09T17:38:25Z">
          <params>
            <param index="0">
              <value>
                <![CDATA[public void testScripts.Module5.TC504()]]>
              </value>
            </param>
          </params>
          <reporter-output>
          </reporter-output>
        </test-method> <!-- beforemethod -->
        <test-method status="PASS" signature="TC504()[pri:0, instance:testScripts.Module5@3a5ed7a6]" name="TC504" duration-ms="26541" started-at="2019-04-09T17:38:25Z" finished-at="2019-04-09T17:38:52Z">
          <reporter-output>
          </reporter-output>
        </test-method> <!-- TC504 -->
        <test-method status="PASS" signature="aftermethod(org.testng.ITestResult)[pri:0, instance:testScripts.Module5@3a5ed7a6]" name="aftermethod" is-config="true" duration-ms="0" started-at="2019-04-09T17:38:25Z" finished-at="2019-04-09T17:38:25Z">
          <params>
            <param index="0">
              <value>
                <![CDATA[[TestResult name=TC503 status=FAILURE method=Module5.TC503()[pri:0, instance:testScripts.Module5@3a5ed7a6] output={null}]]]>
              </value>
            </param>
          </params>
          <reporter-output>
          </reporter-output>
        </test-method> <!-- aftermethod -->
        <test-method status="PASS" signature="beforemethod(java.lang.reflect.Method)[pri:0, instance:testScripts.Module5@3a5ed7a6]" name="beforemethod" is-config="true" duration-ms="0" started-at="2019-04-09T17:38:52Z" finished-at="2019-04-09T17:38:52Z">
          <params>
            <param index="0">
              <value>
                <![CDATA[public void testScripts.Module5.TC505()]]>
              </value>
            </param>
          </params>
          <reporter-output>
          </reporter-output>
        </test-method> <!-- beforemethod -->
        <test-method status="PASS" signature="aftermethod(org.testng.ITestResult)[pri:0, instance:testScripts.Module5@3a5ed7a6]" name="aftermethod" is-config="true" duration-ms="0" started-at="2019-04-09T17:38:52Z" finished-at="2019-04-09T17:38:52Z">
          <params>
            <param index="0">
              <value>
                <![CDATA[[TestResult name=TC504 status=SUCCESS method=Module5.TC504()[pri:0, instance:testScripts.Module5@3a5ed7a6] output={null}]]]>
              </value>
            </param>
          </params>
          <reporter-output>
          </reporter-output>
        </test-method> <!-- aftermethod -->
        <test-method status="FAIL" signature="TC505()[pri:0, instance:testScripts.Module5@3a5ed7a6]" name="TC505" duration-ms="18793" started-at="2019-04-09T17:38:52Z" finished-at="2019-04-09T17:39:11Z">
          <exception class="org.openqa.selenium.NoSuchElementException">
            <message>
              <![CDATA[no such element: Unable to locate element: {"method":"xpath","selector":"//select[@name='license[code]']/option[text()='Driving License']"}
  (Session info: chrome=73.0.3683.86)
  (Driver info: chromedriver=2.41.578737 (49da6702b16031c40d63e5618de03a32ff6c197e),platform=Windows NT 6.2.9200 x86_64) (WARNING: The server did not provide any stacktrace information)
Command duration or timeout: 0 milliseconds
For documentation on this error, please visit: http://seleniumhq.org/exceptions/no_such_element.html
Build info: version: '3.14.0', revision: 'aacccce0', time: '2018-08-02T20:19:58.91Z'
System info: host: 'IDEA-PC', ip: '172.20.10.7', os.name: 'Windows 8', os.arch: 'amd64', os.version: '6.2', java.version: '1.8.0_201'
Driver info: org.openqa.selenium.chrome.ChromeDriver
Capabilities {acceptInsecureCerts: false, acceptSslCerts: false, applicationCacheEnabled: false, browserConnectionEnabled: false, browserName: chrome, chrome: {chromedriverVersion: 2.41.578737 (49da6702b16031..., userDataDir: C:\Users\VIJAYK~1\AppData\L...}, cssSelectorsEnabled: true, databaseEnabled: false, goog:chromeOptions: {debuggerAddress: localhost:59332}, handlesAlerts: true, hasTouchScreen: false, javascriptEnabled: true, locationContextEnabled: true, mobileEmulationEnabled: false, nativeEvents: true, networkConnectionEnabled: false, pageLoadStrategy: normal, platform: XP, platformName: XP, rotatable: false, setWindowRect: true, takesHeapSnapshot: true, takesScreenshot: true, unexpectedAlertBehaviour: , unhandledPromptBehavior: , version: 73.0.3683.86, webStorageEnabled: true}
Session ID: 688906003ad399e62a3af90ee521c670
*** Element info: {Using=xpath, value=//select[@name='license[code]']/option[text()='Driving License']}]]>
            </message>
            <full-stacktrace>
              <![CDATA[org.openqa.selenium.NoSuchElementException: no such element: Unable to locate element: {"method":"xpath","selector":"//select[@name='license[code]']/option[text()='Driving License']"}
  (Session info: chrome=73.0.3683.86)
  (Driver info: chromedriver=2.41.578737 (49da6702b16031c40d63e5618de03a32ff6c197e),platform=Windows NT 6.2.9200 x86_64) (WARNING: The server did not provide any stacktrace information)
Command duration or timeout: 0 milliseconds
For documentation on this error, please visit: http://seleniumhq.org/exceptions/no_such_element.html
Build info: version: '3.14.0', revision: 'aacccce0', time: '2018-08-02T20:19:58.91Z'
System info: host: 'IDEA-PC', ip: '172.20.10.7', os.name: 'Windows 8', os.arch: 'amd64', os.version: '6.2', java.version: '1.8.0_201'
Driver info: org.openqa.selenium.chrome.ChromeDriver
Capabilities {acceptInsecureCerts: false, acceptSslCerts: false, applicationCacheEnabled: false, browserConnectionEnabled: false, browserName: chrome, chrome: {chromedriverVersion: 2.41.578737 (49da6702b16031..., userDataDir: C:\Users\VIJAYK~1\AppData\L...}, cssSelectorsEnabled: true, databaseEnabled: false, goog:chromeOptions: {debuggerAddress: localhost:59332}, handlesAlerts: true, hasTouchScreen: false, javascriptEnabled: true, locationContextEnabled: true, mobileEmulationEnabled: false, nativeEvents: true, networkConnectionEnabled: false, pageLoadStrategy: normal, platform: XP, platformName: XP, rotatable: false, setWindowRect: true, takesHeapSnapshot: true, takesScreenshot: true, unexpectedAlertBehaviour: , unhandledPromptBehavior: , version: 73.0.3683.86, webStorageEnabled: true}
Session ID: 688906003ad399e62a3af90ee521c670
*** Element info: {Using=xpath, value=//select[@name='license[code]']/option[text()='Driving License']}
at sun.reflect.NativeConstructorAccessorImpl.newInstance0(Native Method)
at sun.reflect.NativeConstructorAccessorImpl.newInstance(NativeConstructorAccessorImpl.java:62)
at sun.reflect.DelegatingConstructorAccessorImpl.newInstance(DelegatingConstructorAccessorImpl.java:45)
at java.lang.reflect.Constructor.newInstance(Constructor.java:423)
at org.openqa.selenium.remote.ErrorHandler.createThrowable(ErrorHandler.java:214)
at org.openqa.selenium.remote.ErrorHandler.throwIfResponseFailed(ErrorHandler.java:166)
at org.openqa.selenium.remote.http.JsonHttpResponseCodec.reconstructValue(JsonHttpResponseCodec.java:40)
at org.openqa.selenium.remote.http.AbstractHttpResponseCodec.decode(AbstractHttpResponseCodec.java:80)
at org.openqa.selenium.remote.http.AbstractHttpResponseCodec.decode(AbstractHttpResponseCodec.java:44)
at org.openqa.selenium.remote.HttpCommandExecutor.execute(HttpCommandExecutor.java:158)
at org.openqa.selenium.remote.service.DriverCommandExecutor.execute(DriverCommandExecutor.java:83)
at org.openqa.selenium.remote.RemoteWebDriver.execute(RemoteWebDriver.java:548)
at org.openqa.selenium.remote.RemoteWebDriver.findElement(RemoteWebDriver.java:322)
at org.openqa.selenium.remote.RemoteWebDriver.findElementByXPath(RemoteWebDriver.java:424)
at org.openqa.selenium.By$ByXPath.findElement(By.java:353)
at org.openqa.selenium.remote.RemoteWebDriver.findElement(RemoteWebDriver.java:314)
at applicationPages.Pg107_QualificationPage.SelectLicenceType(Pg107_QualificationPage.java:280)
at applicationPages.Pg107_QualificationPage.clickLicenceType(Pg107_QualificationPage.java:284)
at testScripts.Module5.TC505(Module5.java:137)
at sun.reflect.NativeMethodAccessorImpl.invoke0(Native Method)
at sun.reflect.NativeMethodAccessorImpl.invoke(NativeMethodAccessorImpl.java:62)
at sun.reflect.DelegatingMethodAccessorImpl.invoke(DelegatingMethodAccessorImpl.java:43)
at java.lang.reflect.Method.invoke(Method.java:498)
at org.testng.internal.MethodInvocationHelper.invokeMethod(MethodInvocationHelper.java:124)
at org.testng.internal.Invoker.invokeMethod(Invoker.java:583)
at org.testng.internal.Invoker.invokeTestMethod(Invoker.java:719)
at org.testng.internal.Invoker.invokeTestMethods(Invoker.java:989)
at org.testng.internal.TestMethodWorker.invokeTestMethods(TestMethodWorker.java:125)
at org.testng.internal.TestMethodWorker.run(TestMethodWorker.java:109)
at org.testng.TestRunner.privateRun(TestRunner.java:648)
at org.testng.TestRunner.run(TestRunner.java:505)
at org.testng.SuiteRunner.runTest(SuiteRunner.java:455)
at org.testng.SuiteRunner.runSequentially(SuiteRunner.java:450)
at org.testng.SuiteRunner.privateRun(SuiteRunner.java:415)
at org.testng.SuiteRunner.run(SuiteRunner.java:364)
at org.testng.SuiteRunnerWorker.runSuite(SuiteRunnerWorker.java:52)
at org.testng.SuiteRunnerWorker.run(SuiteRunnerWorker.java:84)
at org.testng.TestNG.runSuitesSequentially(TestNG.java:1208)
at org.testng.TestNG.runSuitesLocally(TestNG.java:1137)
at org.testng.TestNG.runSuites(TestNG.java:1049)
at org.testng.TestNG.run(TestNG.java:1017)
at org.apache.maven.surefire.testng.TestNGExecutor.run(TestNGExecutor.java:293)
at org.apache.maven.surefire.testng.TestNGXmlTestSuite.execute(TestNGXmlTestSuite.java:84)
at org.apache.maven.surefire.testng.TestNGProvider.invoke(TestNGProvider.java:91)
at org.apache.maven.surefire.booter.ForkedBooter.invokeProviderInSameClassLoader(ForkedBooter.java:200)
at org.apache.maven.surefire.booter.ForkedBooter.runSuitesInProcess(ForkedBooter.java:153)
at org.apache.maven.surefire.booter.ForkedBooter.main(ForkedBooter.java:103)
]]>
            </full-stacktrace>
          </exception> <!-- org.openqa.selenium.NoSuchElementException -->
          <reporter-output>
          </reporter-output>
        </test-method> <!-- TC505 -->
        <test-method status="PASS" signature="AfterClass()[pri:0, instance:testScripts.Module5@3a5ed7a6]" name="AfterClass" is-config="true" duration-ms="0" started-at="2019-04-09T17:39:11Z" finished-at="2019-04-09T17:39:11Z">
          <reporter-output>
          </reporter-output>
        </test-method> <!-- AfterClass -->
        <test-method status="PASS" signature="aftermethod(org.testng.ITestResult)[pri:0, instance:testScripts.Module5@3a5ed7a6]" name="aftermethod" is-config="true" duration-ms="0" started-at="2019-04-09T17:39:11Z" finished-at="2019-04-09T17:39:11Z">
          <params>
            <param index="0">
              <value>
                <![CDATA[[TestResult name=TC505 status=FAILURE method=Module5.TC505()[pri:0, instance:testScripts.Module5@3a5ed7a6] output={null}]]]>
              </value>
            </param>
          </params>
          <reporter-output>
          </reporter-output>
        </test-method> <!-- aftermethod -->
      </class> <!-- testScripts.Module5 -->
      <class name="testScripts.Module4">
        <test-method status="PASS" signature="beforemethod(java.lang.reflect.Method)[pri:0, instance:testScripts.Module4@7791a895]" name="beforemethod" is-config="true" duration-ms="0" started-at="2019-04-09T17:36:10Z" finished-at="2019-04-09T17:36:10Z">
          <params>
            <param index="0">
              <value>
                <![CDATA[public void testScripts.Module4.TC401()]]>
              </value>
            </param>
          </params>
          <reporter-output>
          </reporter-output>
        </test-method> <!-- beforemethod -->
        <test-method status="PASS" signature="TC401()[pri:0, instance:testScripts.Module4@7791a895]" name="TC401" duration-ms="22765" started-at="2019-04-09T17:36:10Z" finished-at="2019-04-09T17:36:33Z">
          <reporter-output>
          </reporter-output>
        </test-method> <!-- TC401 -->
        <test-method status="PASS" signature="BeforeClass()[pri:0, instance:testScripts.Module4@7791a895]" name="BeforeClass" is-config="true" duration-ms="0" started-at="2019-04-09T17:36:10Z" finished-at="2019-04-09T17:36:10Z">
          <reporter-output>
          </reporter-output>
        </test-method> <!-- BeforeClass -->
        <test-method status="PASS" signature="TC402()[pri:0, instance:testScripts.Module4@7791a895]" name="TC402" duration-ms="27965" started-at="2019-04-09T17:36:33Z" finished-at="2019-04-09T17:37:01Z">
          <reporter-output>
          </reporter-output>
        </test-method> <!-- TC402 -->
        <test-method status="PASS" signature="beforemethod(java.lang.reflect.Method)[pri:0, instance:testScripts.Module4@7791a895]" name="beforemethod" is-config="true" duration-ms="0" started-at="2019-04-09T17:36:33Z" finished-at="2019-04-09T17:36:33Z">
          <params>
            <param index="0">
              <value>
                <![CDATA[public void testScripts.Module4.TC402()]]>
              </value>
            </param>
          </params>
          <reporter-output>
          </reporter-output>
        </test-method> <!-- beforemethod -->
        <test-method status="PASS" signature="aftermethod(org.testng.ITestResult)[pri:0, instance:testScripts.Module4@7791a895]" name="aftermethod" is-config="true" duration-ms="0" started-at="2019-04-09T17:36:33Z" finished-at="2019-04-09T17:36:33Z">
          <params>
            <param index="0">
              <value>
                <![CDATA[[TestResult name=TC401 status=SUCCESS method=Module4.TC401()[pri:0, instance:testScripts.Module4@7791a895] output={null}]]]>
              </value>
            </param>
          </params>
          <reporter-output>
          </reporter-output>
        </test-method> <!-- aftermethod -->
        <test-method status="PASS" signature="AfterClass()[pri:0, instance:testScripts.Module4@7791a895]" name="AfterClass" is-config="true" duration-ms="0" started-at="2019-04-09T17:37:01Z" finished-at="2019-04-09T17:37:01Z">
          <reporter-output>
          </reporter-output>
        </test-method> <!-- AfterClass -->
        <test-method status="PASS" signature="aftermethod(org.testng.ITestResult)[pri:0, instance:testScripts.Module4@7791a895]" name="aftermethod" is-config="true" duration-ms="0" started-at="2019-04-09T17:37:01Z" finished-at="2019-04-09T17:37:01Z">
          <params>
            <param index="0">
              <value>
                <![CDATA[[TestResult name=TC402 status=SUCCESS method=Module4.TC402()[pri:0, instance:testScripts.Module4@7791a895] output={null}]]]>
              </value>
            </param>
          </params>
          <reporter-output>
          </reporter-output>
        </test-method> <!-- aftermethod -->
      </class> <!-- testScripts.Module4 -->
      <class name="testScripts.Module3">
        <test-method status="PASS" signature="BeforeClass()[pri:0, instance:testScripts.Module3@7d907bac]" name="BeforeClass" is-config="true" duration-ms="31" started-at="2019-04-09T17:35:45Z" finished-at="2019-04-09T17:35:45Z">
          <reporter-output>
          </reporter-output>
        </test-method> <!-- BeforeClass -->
        <test-method status="PASS" signature="beforemethod(java.lang.reflect.Method)[pri:0, instance:testScripts.Module3@7d907bac]" name="beforemethod" is-config="true" duration-ms="32" started-at="2019-04-09T17:35:45Z" finished-at="2019-04-09T17:35:45Z">
          <params>
            <param index="0">
              <value>
                <![CDATA[public void testScripts.Module3.TC301()]]>
              </value>
            </param>
          </params>
          <reporter-output>
          </reporter-output>
        </test-method> <!-- beforemethod -->
        <test-method status="PASS" signature="TC301()[pri:0, instance:testScripts.Module3@7d907bac]" name="TC301" duration-ms="24612" started-at="2019-04-09T17:35:45Z" finished-at="2019-04-09T17:36:10Z">
          <reporter-output>
          </reporter-output>
        </test-method> <!-- TC301 -->
        <test-method status="PASS" signature="aftermethod(org.testng.ITestResult)[pri:0, instance:testScripts.Module3@7d907bac]" name="aftermethod" is-config="true" duration-ms="31" started-at="2019-04-09T17:36:10Z" finished-at="2019-04-09T17:36:10Z">
          <params>
            <param index="0">
              <value>
                <![CDATA[[TestResult name=TC301 status=SUCCESS method=Module3.TC301()[pri:0, instance:testScripts.Module3@7d907bac] output={null}]]]>
              </value>
            </param>
          </params>
          <reporter-output>
          </reporter-output>
        </test-method> <!-- aftermethod -->
        <test-method status="PASS" signature="AfterClass()[pri:0, instance:testScripts.Module3@7d907bac]" name="AfterClass" is-config="true" duration-ms="0" started-at="2019-04-09T17:36:10Z" finished-at="2019-04-09T17:36:10Z">
          <reporter-output>
          </reporter-output>
        </test-method> <!-- AfterClass -->
      </class> <!-- testScripts.Module3 -->
      <class name="testScripts.Module2">
        <test-method status="PASS" signature="BeforeClass()[pri:0, instance:testScripts.Module2@1f28c152]" name="BeforeClass" is-config="true" duration-ms="32" started-at="2019-04-09T17:35:18Z" finished-at="2019-04-09T17:35:19Z">
          <reporter-output>
          </reporter-output>
        </test-method> <!-- BeforeClass -->
        <test-method status="PASS" signature="beforemethod(java.lang.reflect.Method)[pri:0, instance:testScripts.Module2@1f28c152]" name="beforemethod" is-config="true" duration-ms="31" started-at="2019-04-09T17:35:19Z" finished-at="2019-04-09T17:35:19Z">
          <params>
            <param index="0">
              <value>
                <![CDATA[public void testScripts.Module2.TC201()]]>
              </value>
            </param>
          </params>
          <reporter-output>
          </reporter-output>
        </test-method> <!-- beforemethod -->
        <test-method status="PASS" signature="TC201()[pri:0, instance:testScripts.Module2@1f28c152]" name="TC201" duration-ms="26505" started-at="2019-04-09T17:35:19Z" finished-at="2019-04-09T17:35:45Z">
          <reporter-output>
          </reporter-output>
        </test-method> <!-- TC201 -->
        <test-method status="PASS" signature="aftermethod(org.testng.ITestResult)[pri:0, instance:testScripts.Module2@1f28c152]" name="aftermethod" is-config="true" duration-ms="78" started-at="2019-04-09T17:35:45Z" finished-at="2019-04-09T17:35:45Z">
          <params>
            <param index="0">
              <value>
                <![CDATA[[TestResult name=TC201 status=SUCCESS method=Module2.TC201()[pri:0, instance:testScripts.Module2@1f28c152] output={null}]]]>
              </value>
            </param>
          </params>
          <reporter-output>
          </reporter-output>
        </test-method> <!-- aftermethod -->
        <test-method status="PASS" signature="AfterClass()[pri:0, instance:testScripts.Module2@1f28c152]" name="AfterClass" is-config="true" duration-ms="0" started-at="2019-04-09T17:35:45Z" finished-at="2019-04-09T17:35:45Z">
          <reporter-output>
          </reporter-output>
        </test-method> <!-- AfterClass -->
      </class> <!-- testScripts.Module2 -->
      <class name="testScripts.Module1">
        <test-method status="PASS" signature="beforesuite()[pri:0, instance:testScripts.Module1@369f73a2]" name="beforesuite" is-config="true" duration-ms="219" started-at="2019-04-09T17:34:50Z" finished-at="2019-04-09T17:34:50Z">
          <reporter-output>
          </reporter-output>
        </test-method> <!-- beforesuite -->
        <test-method status="PASS" signature="BeforeClass()[pri:0, instance:testScripts.Module1@369f73a2]" name="BeforeClass" is-config="true" duration-ms="609" started-at="2019-04-09T17:34:50Z" finished-at="2019-04-09T17:34:50Z">
          <reporter-output>
          </reporter-output>
        </test-method> <!-- BeforeClass -->
        <test-method status="PASS" signature="beforemethod(java.lang.reflect.Method)[pri:0, instance:testScripts.Module1@369f73a2]" name="beforemethod" is-config="true" duration-ms="47" started-at="2019-04-09T17:34:50Z" finished-at="2019-04-09T17:34:50Z">
          <params>
            <param index="0">
              <value>
                <![CDATA[public void testScripts.Module1.TC101()]]>
              </value>
            </param>
          </params>
          <reporter-output>
          </reporter-output>
        </test-method> <!-- beforemethod -->
        <test-method status="PASS" signature="TC101()[pri:0, instance:testScripts.Module1@369f73a2]" name="TC101" duration-ms="27882" started-at="2019-04-09T17:34:50Z" finished-at="2019-04-09T17:35:18Z">
          <reporter-output>
          </reporter-output>
        </test-method> <!-- TC101 -->
        <test-method status="PASS" signature="aftermethod(org.testng.ITestResult)[pri:0, instance:testScripts.Module1@369f73a2]" name="aftermethod" is-config="true" duration-ms="187" started-at="2019-04-09T17:35:18Z" finished-at="2019-04-09T17:35:18Z">
          <params>
            <param index="0">
              <value>
                <![CDATA[[TestResult name=TC101 status=SUCCESS method=Module1.TC101()[pri:0, instance:testScripts.Module1@369f73a2] output={null}]]]>
              </value>
            </param>
          </params>
          <reporter-output>
          </reporter-output>
        </test-method> <!-- aftermethod -->
        <test-method status="PASS" signature="AfterClass()[pri:0, instance:testScripts.Module1@369f73a2]" name="AfterClass" is-config="true" duration-ms="0" started-at="2019-04-09T17:35:18Z" finished-at="2019-04-09T17:35:18Z">
          <reporter-output>
          </reporter-output>
        </test-method> <!-- AfterClass -->
        <test-method status="PASS" signature="aftersuite()[pri:0, instance:testScripts.Module1@369f73a2]" name="aftersuite" is-config="true" duration-ms="4799" started-at="2019-04-09T17:39:11Z" finished-at="2019-04-09T17:39:16Z">
          <reporter-output>
          </reporter-output>
        </test-method> <!-- aftersuite -->
      </class> <!-- testScripts.Module1 -->
    </test> <!-- Test -->
  </suite> <!-- Suite -->
</testng-results>
